#
# There is insufficient memory for the Java Runtime Environment to continue.
# Native memory allocation (malloc) failed to allocate 32744 bytes for ChunkPool::allocate
# Possible reasons:
#   The system is out of physical RAM or swap space
#   In 32 bit mode, the process size limit was hit
# Possible solutions:
#   Reduce memory load on the system
#   Increase physical memory or swap space
#   Check if swap backing store is full
#   Use 64 bit Java on a 64 bit OS
#   Decrease Java heap size (-Xmx/-Xms)
#   Decrease number of Java threads
#   Decrease Java thread stack sizes (-Xss)
#   Set larger code cache with -XX:ReservedCodeCacheSize=
# This output file may be truncated or incomplete.
#
#  Out of Memory Error (allocation.cpp:273), pid=29876, tid=0x0000000000003d8c
#
# JRE version: Java(TM) SE Runtime Environment (8.0_92-b14) (build 1.8.0_92-b14)
# Java VM: Java HotSpot(TM) 64-Bit Server VM (25.92-b14 mixed mode windows-amd64 compressed oops)
# Failed to write core dump. Minidumps are not enabled by default on client versions of Windows
#

---------------  T H R E A D  ---------------

Current thread (0x0000000019e36800):  JavaThread "C1 CompilerThread3" daemon [_thread_in_native, id=15756, stack(0x000000001a900000,0x000000001aa00000)]

Stack: [0x000000001a900000,0x000000001aa00000]
[error occurred during error reporting (printing stack bounds), id 0xc0000005]

Native frames: (J=compiled Java code, j=interpreted, Vv=VM code, C=native code)


Current CompileTask:
C1: 694624 1944       3       java.net.URLStreamHandler::parseURL (1158 bytes)


---------------  P R O C E S S  ---------------

Java Threads: ( => current thread )
  0x000000001b2b4800 JavaThread "mysql-cj-abandoned-connection-cleanup" daemon [_thread_blocked, id=28816, stack(0x000000001dd60000,0x000000001de60000)]
  0x000000001af8d000 JavaThread "Abandoned connection cleanup thread" daemon [_thread_blocked, id=25972, stack(0x000000001dc60000,0x000000001dd60000)]
  0x000000001b238000 JavaThread "TimerQueue" daemon [_thread_blocked, id=3100, stack(0x000000001c630000,0x000000001c730000)]
  0x000000000304d800 JavaThread "DestroyJavaVM" [_thread_blocked, id=27608, stack(0x0000000002f30000,0x0000000003030000)]
  0x000000001aeb4800 JavaThread "AWT-EventQueue-0" [_thread_blocked, id=11212, stack(0x000000001cb20000,0x000000001cc20000)]
  0x000000001ae5e800 JavaThread "AWT-Windows" daemon [_thread_in_native, id=9816, stack(0x000000001b750000,0x000000001b850000)]
  0x000000001ae5c000 JavaThread "AWT-Shutdown" [_thread_blocked, id=28196, stack(0x000000001b650000,0x000000001b750000)]
  0x000000001ae5b000 JavaThread "Java2D Disposer" daemon [_thread_blocked, id=28760, stack(0x000000001b550000,0x000000001b650000)]
  0x0000000019eca000 JavaThread "Service Thread" daemon [_thread_blocked, id=29360, stack(0x000000001aa00000,0x000000001ab00000)]
=>0x0000000019e36800 JavaThread "C1 CompilerThread3" daemon [_thread_in_native, id=15756, stack(0x000000001a900000,0x000000001aa00000)]
  0x0000000019e32800 JavaThread "C2 CompilerThread2" daemon [_thread_blocked, id=28244, stack(0x000000001a800000,0x000000001a900000)]
  0x0000000019e2c800 JavaThread "C2 CompilerThread1" daemon [_thread_blocked, id=7212, stack(0x000000001a700000,0x000000001a800000)]
  0x0000000019e28000 JavaThread "C2 CompilerThread0" daemon [_thread_blocked, id=27000, stack(0x000000001a600000,0x000000001a700000)]
  0x0000000019e27000 JavaThread "Attach Listener" daemon [_thread_blocked, id=28348, stack(0x000000001a500000,0x000000001a600000)]
  0x0000000019e26000 JavaThread "Signal Dispatcher" daemon [_thread_blocked, id=29804, stack(0x000000001a400000,0x000000001a500000)]
  0x0000000003149000 JavaThread "Finalizer" daemon [_thread_blocked, id=23044, stack(0x000000001a200000,0x000000001a300000)]
  0x0000000003148000 JavaThread "Reference Handler" daemon [_thread_blocked, id=14180, stack(0x0000000019d00000,0x0000000019e00000)]

Other Threads:
  0x0000000017f28000 VMThread [stack: 0x0000000019c00000,0x0000000019d00000] [id=26232]
  0x0000000019ed6800 WatcherThread [stack: 0x000000001ab00000,0x000000001ac00000] [id=14016]

VM state:not at safepoint (normal execution)

VM Mutex/Monitor currently owned by a thread: None

Heap:
 PSYoungGen      total 36864K, used 25401K [0x00000000d6f00000, 0x00000000d9800000, 0x0000000100000000)
  eden space 31744K, 80% used [0x00000000d6f00000,0x00000000d87ce650,0x00000000d8e00000)
  from space 5120K, 0% used [0x00000000d8e00000,0x00000000d8e00000,0x00000000d9300000)
  to   space 5120K, 0% used [0x00000000d9300000,0x00000000d9300000,0x00000000d9800000)
 ParOldGen       total 84992K, used 6586K [0x0000000084c00000, 0x0000000089f00000, 0x00000000d6f00000)
  object space 84992K, 7% used [0x0000000084c00000,0x000000008526e810,0x0000000089f00000)
 Metaspace       used 18577K, capacity 18940K, committed 19200K, reserved 1067008K
  class space    used 2327K, capacity 2454K, committed 2560K, reserved 1048576K

Card table byte_map: [0x0000000012510000,0x00000000128f0000] byte_map_base: 0x00000000120ea000

Marking Bits: (ParMarkBitMap*) 0x000000006c8164f0
 Begin Bits: [0x0000000013390000, 0x0000000015260000)
 End Bits:   [0x0000000015260000, 0x0000000017130000)

Polling page: 0x0000000001730000

CodeCache: size=245760Kb used=6064Kb max_used=6068Kb free=239695Kb
 bounds [0x0000000003150000, 0x0000000003750000, 0x0000000012150000]
 total_blobs=2507 nmethods=1943 adapters=475
 compilation: enabled

Compilation events (10 events):
Event: 559.385 Thread 0x0000000019e36800 nmethod 1939 0x0000000003737590 code [0x00000000037376e0, 0x00000000037378b0]
Event: 559.385 Thread 0x0000000019e36800 1940       3       java.net.URLClassLoader$2::run (5 bytes)
Event: 559.385 Thread 0x0000000019e36800 nmethod 1940 0x000000000373ca10 code [0x000000000373cb80, 0x000000000373cdc8]
Event: 566.374 Thread 0x0000000019e28000 1941   !   4       java.lang.ref.ReferenceQueue::remove (125 bytes)
Event: 566.384 Thread 0x0000000019e28000 nmethod 1941 0x0000000003740190 code [0x0000000003740300, 0x00000000037409a8]
Event: 574.412 Thread 0x0000000019e36800 1942       1       sun.misc.URLClassPath$FileLoader$1::getURL (5 bytes)
Event: 574.413 Thread 0x0000000019e36800 nmethod 1942 0x000000000373fed0 code [0x0000000003740020, 0x0000000003740130]
Event: 644.500 Thread 0x0000000019e36800 1943   !   3       sun.misc.URLClassPath::check (123 bytes)
Event: 644.505 Thread 0x0000000019e36800 nmethod 1943 0x000000000373dfd0 code [0x000000000373e240, 0x000000000373f708]
Event: 694.612 Thread 0x0000000019e36800 1944       3       java.net.URLStreamHandler::parseURL (1158 bytes)

GC Heap History (4 events):
Event: 1.833 GC heap before
{Heap before GC invocations=1 (full 0):
 PSYoungGen      total 36864K, used 14252K [0x00000000d6f00000, 0x00000000d9800000, 0x0000000100000000)
  eden space 31744K, 44% used [0x00000000d6f00000,0x00000000d7ceb210,0x00000000d8e00000)
  from space 5120K, 0% used [0x00000000d9300000,0x00000000d9300000,0x00000000d9800000)
  to   space 5120K, 0% used [0x00000000d8e00000,0x00000000d8e00000,0x00000000d9300000)
 ParOldGen       total 84992K, used 0K [0x0000000084c00000, 0x0000000089f00000, 0x00000000d6f00000)
  object space 84992K, 0% used [0x0000000084c00000,0x0000000084c00000,0x0000000089f00000)
 Metaspace       used 13228K, capacity 13456K, committed 13696K, reserved 1060864K
  class space    used 1775K, capacity 1842K, committed 1920K, reserved 1048576K
Event: 1.840 GC heap after
Heap after GC invocations=1 (full 0):
 PSYoungGen      total 36864K, used 5118K [0x00000000d6f00000, 0x00000000d9800000, 0x0000000100000000)
  eden space 31744K, 0% used [0x00000000d6f00000,0x00000000d6f00000,0x00000000d8e00000)
  from space 5120K, 99% used [0x00000000d8e00000,0x00000000d92ff9b0,0x00000000d9300000)
  to   space 5120K, 0% used [0x00000000d9300000,0x00000000d9300000,0x00000000d9800000)
 ParOldGen       total 84992K, used 9955K [0x0000000084c00000, 0x0000000089f00000, 0x00000000d6f00000)
  object space 84992K, 11% used [0x0000000084c00000,0x00000000855b8f98,0x0000000089f00000)
 Metaspace       used 13228K, capacity 13456K, committed 13696K, reserved 1060864K
  class space    used 1775K, capacity 1842K, committed 1920K, reserved 1048576K
}
Event: 1.840 GC heap before
{Heap before GC invocations=2 (full 1):
 PSYoungGen      total 36864K, used 5118K [0x00000000d6f00000, 0x00000000d9800000, 0x0000000100000000)
  eden space 31744K, 0% used [0x00000000d6f00000,0x00000000d6f00000,0x00000000d8e00000)
  from space 5120K, 99% used [0x00000000d8e00000,0x00000000d92ff9b0,0x00000000d9300000)
  to   space 5120K, 0% used [0x00000000d9300000,0x00000000d9300000,0x00000000d9800000)
 ParOldGen       total 84992K, used 9955K [0x0000000084c00000, 0x0000000089f00000, 0x00000000d6f00000)
  object space 84992K, 11% used [0x0000000084c00000,0x00000000855b8f98,0x0000000089f00000)
 Metaspace       used 13228K, capacity 13456K, committed 13696K, reserved 1060864K
  class space    used 1775K, capacity 1842K, committed 1920K, reserved 1048576K
Event: 1.854 GC heap after
Heap after GC invocations=2 (full 1):
 PSYoungGen      total 36864K, used 0K [0x00000000d6f00000, 0x00000000d9800000, 0x0000000100000000)
  eden space 31744K, 0% used [0x00000000d6f00000,0x00000000d6f00000,0x00000000d8e00000)
  from space 5120K, 0% used [0x00000000d8e00000,0x00000000d8e00000,0x00000000d9300000)
  to   space 5120K, 0% used [0x00000000d9300000,0x00000000d9300000,0x00000000d9800000)
 ParOldGen       total 84992K, used 6586K [0x0000000084c00000, 0x0000000089f00000, 0x00000000d6f00000)
  object space 84992K, 7% used [0x0000000084c00000,0x000000008526e810,0x0000000089f00000)
 Metaspace       used 13228K, capacity 13456K, committed 13696K, reserved 1060864K
  class space    used 1775K, capacity 1842K, committed 1920K, reserved 1048576K
}

Deoptimization events (10 events):
Event: 3.600 Thread 0x000000001aeb4800 Uncommon trap: reason=unstable_if action=reinterpret pc=0x00000000034e5d44 method=java.util.Properties$LineReader.readLine()I @ 252
Event: 3.729 Thread 0x000000001aeb4800 Uncommon trap: reason=unstable_if action=reinterpret pc=0x0000000003447448 method=java.awt.MultipleGradientPaintContext.indexIntoGradientsArrays(F)I @ 24
Event: 4.697 Thread 0x000000001aeb4800 Uncommon trap: reason=class_check action=maybe_recompile pc=0x000000000341e94c method=javax.swing.plaf.nimbus.DerivedColor$UIResource.equals(Ljava/lang/Object;)Z @ 1
Event: 4.698 Thread 0x000000001aeb4800 Uncommon trap: reason=unstable_if action=reinterpret pc=0x000000000341efd4 method=javax.swing.plaf.nimbus.DerivedColor.equals(Ljava/lang/Object;)Z @ 45
Event: 4.699 Thread 0x000000001aeb4800 Uncommon trap: reason=class_check action=maybe_recompile pc=0x000000000341e94c method=javax.swing.plaf.nimbus.DerivedColor$UIResource.equals(Ljava/lang/Object;)Z @ 1
Event: 10.181 Thread 0x000000001aeb4800 Uncommon trap: reason=class_check action=maybe_recompile pc=0x000000000341e94c method=javax.swing.plaf.nimbus.DerivedColor$UIResource.equals(Ljava/lang/Object;)Z @ 1
Event: 13.966 Thread 0x000000001aeb4800 Uncommon trap: reason=unstable_if action=reinterpret pc=0x00000000036304c0 method=java.awt.MultipleGradientPaintContext.indexIntoGradientsArrays(F)I @ 13
Event: 13.967 Thread 0x000000001aeb4800 Uncommon trap: reason=unstable_if action=reinterpret pc=0x000000000357e1e8 method=java.awt.MultipleGradientPaintContext.indexIntoGradientsArrays(F)I @ 13
Event: 14.057 Thread 0x000000001aeb4800 Uncommon trap: reason=unstable_if action=reinterpret pc=0x00000000035fd600 method=java.awt.MultipleGradientPaintContext.indexIntoGradientsArrays(F)I @ 13
Event: 16.344 Thread 0x000000001aeb4800 Uncommon trap: reason=class_check action=maybe_recompile pc=0x000000000341e94c method=javax.swing.plaf.nimbus.DerivedColor$UIResource.equals(Ljava/lang/Object;)Z @ 1

Internal exceptions (10 events):
Event: 0.140 Thread 0x000000000304d800 Exception <a 'java/lang/ClassNotFoundException': ToolBarSeparator> (0x00000000d7374278) thrown at [D:\re\workspace\8-2-build-windows-amd64-cygwin\jdk8u92\6642\hotspot\src\share\vm\classfile\systemDictionary.cpp, line 210]
Event: 0.140 Thread 0x000000000304d800 Exception <a 'java/lang/ClassNotFoundException': ToolTip> (0x00000000d73749b8) thrown at [D:\re\workspace\8-2-build-windows-amd64-cygwin\jdk8u92\6642\hotspot\src\share\vm\classfile\systemDictionary.cpp, line 210]
Event: 0.140 Thread 0x000000000304d800 Exception <a 'java/lang/ClassNotFoundException': Tree> (0x00000000d73755d8) thrown at [D:\re\workspace\8-2-build-windows-amd64-cygwin\jdk8u92\6642\hotspot\src\share\vm\classfile\systemDictionary.cpp, line 210]
Event: 0.140 Thread 0x000000000304d800 Exception <a 'java/lang/ClassNotFoundException': Tree> (0x00000000d7375d18) thrown at [D:\re\workspace\8-2-build-windows-amd64-cygwin\jdk8u92\6642\hotspot\src\share\vm\classfile\systemDictionary.cpp, line 210]
Event: 0.140 Thread 0x000000000304d800 Exception <a 'java/lang/ClassNotFoundException': javax/swing/JTreeCell> (0x00000000d7376098) thrown at [D:\re\workspace\8-2-build-windows-amd64-cygwin\jdk8u92\6642\hotspot\src\share\vm\classfile\systemDictionary.cpp, line 210]
Event: 0.140 Thread 0x000000000304d800 Exception <a 'java/lang/ClassNotFoundException': TreeCell> (0x00000000d7376520) thrown at [D:\re\workspace\8-2-build-windows-amd64-cygwin\jdk8u92\6642\hotspot\src\share\vm\classfile\systemDictionary.cpp, line 210]
Event: 0.141 Thread 0x000000000304d800 Exception <a 'java/lang/ClassNotFoundException': RootPane> (0x00000000d7376f80) thrown at [D:\re\workspace\8-2-build-windows-amd64-cygwin\jdk8u92\6642\hotspot\src\share\vm\classfile\systemDictionary.cpp, line 210]
Event: 1.756 Thread 0x000000001aeb4800 Exception <a 'java/lang/NullPointerException'> (0x00000000d7be6a30) thrown at [D:\re\workspace\8-2-build-windows-amd64-cygwin\jdk8u92\6642\hotspot\src\share\vm\interpreter\linkResolver.cpp, line 1178]
Event: 8.589 Thread 0x000000001aeb4800 Exception <a 'java/lang/NullPointerException'> (0x00000000d80b6068) thrown at [D:\re\workspace\8-2-build-windows-amd64-cygwin\jdk8u92\6642\hotspot\src\share\vm\prims\jvm.cpp, line 1390]
Event: 8.589 Thread 0x000000001aeb4800 Exception <a 'java/lang/NullPointerException'> (0x00000000d80b6068) thrown at [D:\re\workspace\8-2-build-windows-amd64-cygwin\jdk8u92\6642\hotspot\src\share\vm\prims\jvm.cpp, line 1390]

Events (10 events):
Event: 27.420 Executing VM operation: RevokeBias
Event: 27.420 Executing VM operation: RevokeBias done
Event: 27.421 Executing VM operation: RevokeBias
Event: 27.421 Executing VM operation: RevokeBias done
Event: 27.426 Executing VM operation: RevokeBias
Event: 27.426 Executing VM operation: RevokeBias done
Event: 27.427 Executing VM operation: RevokeBias
Event: 27.427 Executing VM operation: RevokeBias done
Event: 27.454 Thread 0x000000001aeb4800 DEOPT PACKING pc=0x0000000003673a66 sp=0x000000001cc18a50
Event: 27.454 Thread 0x000000001aeb4800 DEOPT UNPACKING pc=0x000000000319787f sp=0x000000001cc18750 mode 0


Dynamic libraries:
0x00007ff7325f0000 - 0x00007ff732627000 	C:\Program Files\Java\jdk1.8.0_92\bin\java.exe
0x00007fffca550000 - 0x00007fffca767000 	C:\WINDOWS\SYSTEM32\ntdll.dll
0x00007fffc9c80000 - 0x00007fffc9d44000 	C:\WINDOWS\System32\KERNEL32.DLL
0x00007fffc7d20000 - 0x00007fffc80cd000 	C:\WINDOWS\System32\KERNELBASE.dll
0x00007fffc8320000 - 0x00007fffc83d2000 	C:\WINDOWS\System32\ADVAPI32.dll
0x00007fffca050000 - 0x00007fffca0f7000 	C:\WINDOWS\System32\msvcrt.dll
0x00007fffc9bd0000 - 0x00007fffc9c79000 	C:\WINDOWS\System32\sechost.dll
0x00007fffc8140000 - 0x00007fffc8168000 	C:\WINDOWS\System32\bcrypt.dll
0x00007fffc97b0000 - 0x00007fffc98c4000 	C:\WINDOWS\System32\RPCRT4.dll
0x00007fffc8d20000 - 0x00007fffc8ece000 	C:\WINDOWS\System32\USER32.dll
0x00007fffc79f0000 - 0x00007fffc7a16000 	C:\WINDOWS\System32\win32u.dll
0x00007fffc9f20000 - 0x00007fffc9f49000 	C:\WINDOWS\System32\GDI32.dll
0x00007fffc7a20000 - 0x00007fffc7b39000 	C:\WINDOWS\System32\gdi32full.dll
0x00007fffc7c00000 - 0x00007fffc7c9a000 	C:\WINDOWS\System32\msvcp_win.dll
0x00007fffc8170000 - 0x00007fffc8281000 	C:\WINDOWS\System32\ucrtbase.dll
0x00007fffae290000 - 0x00007fffae523000 	C:\WINDOWS\WinSxS\amd64_microsoft.windows.common-controls_6595b64144ccf1df_6.0.22621.3672_none_2713b9d173822955\COMCTL32.dll
0x00007fffc9ae0000 - 0x00007fffc9b11000 	C:\WINDOWS\System32\IMM32.DLL
0x000000006bf20000 - 0x000000006bff2000 	C:\Program Files\Java\jdk1.8.0_92\jre\bin\msvcr100.dll
0x000000006c000000 - 0x000000006c896000 	C:\Program Files\Java\jdk1.8.0_92\jre\bin\server\jvm.dll
0x00007fffc8310000 - 0x00007fffc8318000 	C:\WINDOWS\System32\PSAPI.DLL
0x00007fffc0620000 - 0x00007fffc0654000 	C:\WINDOWS\SYSTEM32\WINMM.dll
0x00007fff992c0000 - 0x00007fff992c9000 	C:\WINDOWS\SYSTEM32\WSOCK32.dll
0x00007fffaf3b0000 - 0x00007fffaf3ba000 	C:\WINDOWS\SYSTEM32\VERSION.dll
0x00007fffca490000 - 0x00007fffca501000 	C:\WINDOWS\System32\WS2_32.dll
0x000000006bed0000 - 0x000000006bedf000 	C:\Program Files\Java\jdk1.8.0_92\jre\bin\verify.dll
0x000000006bea0000 - 0x000000006bec9000 	C:\Program Files\Java\jdk1.8.0_92\jre\bin\java.dll
0x000000006be80000 - 0x000000006be96000 	C:\Program Files\Java\jdk1.8.0_92\jre\bin\zip.dll
0x00007fffc8440000 - 0x00007fffc8c9f000 	C:\WINDOWS\System32\SHELL32.dll
0x00007fffc5790000 - 0x00007fffc608c000 	C:\WINDOWS\SYSTEM32\windows.storage.dll
0x00007fffca100000 - 0x00007fffca488000 	C:\WINDOWS\System32\combase.dll
0x00007fffc5650000 - 0x00007fffc578f000 	C:\WINDOWS\SYSTEM32\wintypes.dll
0x00007fffc9f50000 - 0x00007fffca044000 	C:\WINDOWS\System32\SHCORE.dll
0x00007fffc83e0000 - 0x00007fffc843e000 	C:\WINDOWS\System32\shlwapi.dll
0x00007fffc77b0000 - 0x00007fffc77d1000 	C:\WINDOWS\SYSTEM32\profapi.dll
0x000000006bca0000 - 0x000000006be38000 	C:\Program Files\Java\jdk1.8.0_92\jre\bin\awt.dll
0x00007fffc91f0000 - 0x00007fffc92c7000 	C:\WINDOWS\System32\OLEAUT32.dll
0x00007fffc0410000 - 0x00007fffc04a7000 	C:\WINDOWS\SYSTEM32\apphelp.dll
0x00007fffc1c00000 - 0x00007fffc1caf000 	C:\WINDOWS\system32\uxtheme.dll
0x00007fffc9090000 - 0x00007fffc91e3000 	C:\WINDOWS\System32\MSCTF.dll
0x00007fffc98e0000 - 0x00007fffc9a85000 	C:\WINDOWS\System32\ole32.dll
0x00007fffc6900000 - 0x00007fffc6918000 	C:\WINDOWS\SYSTEM32\kernel.appcore.dll
0x00007fffc7ca0000 - 0x00007fffc7d1b000 	C:\WINDOWS\System32\bcryptPrimitives.dll
0x00007fffc1e70000 - 0x00007fffc1e9b000 	C:\WINDOWS\system32\DWMAPI.DLL
0x000000006bc50000 - 0x000000006bc97000 	C:\Program Files\Java\jdk1.8.0_92\jre\bin\fontmanager.dll
0x000000006be60000 - 0x000000006be7a000 	C:\Program Files\Java\jdk1.8.0_92\jre\bin\net.dll
0x00007fffc6dc0000 - 0x00007fffc6e29000 	C:\WINDOWS\system32\mswsock.dll
0x000000006be40000 - 0x000000006be51000 	C:\Program Files\Java\jdk1.8.0_92\jre\bin\nio.dll
0x000000006bc00000 - 0x000000006bc42000 	C:\Program Files\Java\jdk1.8.0_92\jre\bin\t2k.dll
0x00007fff9e000000 - 0x00007fff9e14e000 	C:\WINDOWS\SYSTEM32\textinputframework.dll
0x000000006bb80000 - 0x000000006bbaa000 	C:\Program Files\Java\jdk1.8.0_92\jre\bin\dcpr.dll
0x00007fffbfbd0000 - 0x00007fffbfd03000 	C:\WINDOWS\SYSTEM32\CoreMessaging.dll
0x00007fffbcc40000 - 0x00007fffbcfad000 	C:\WINDOWS\SYSTEM32\CoreUIComponents.dll
0x00007fffc70f0000 - 0x00007fffc70fc000 	C:\WINDOWS\SYSTEM32\CRYPTBASE.DLL
0x00007fffc9b20000 - 0x00007fffc9bd0000 	C:\WINDOWS\System32\clbcatq.dll
0x00007fffc1a00000 - 0x00007fffc1bb1000 	C:\WINDOWS\SYSTEM32\WindowsCodecs.dll
0x00007fff9e7a0000 - 0x00007fff9e7fe000 	C:\WINDOWS\system32\dataexchange.dll
0x00007fffbbc30000 - 0x00007fffbbeba000 	C:\WINDOWS\system32\twinapi.appcore.dll
0x00007fffc6390000 - 0x00007fffc6488000 	C:\WINDOWS\SYSTEM32\DNSAPI.dll
0x00007fffc6360000 - 0x00007fffc638d000 	C:\WINDOWS\SYSTEM32\IPHLPAPI.DLL
0x00007fffc98d0000 - 0x00007fffc98d9000 	C:\WINDOWS\System32\NSI.dll
0x00007fffbdef0000 - 0x00007fffbdefa000 	C:\Windows\System32\rasadhlp.dll
0x00007fffc0870000 - 0x00007fffc08f3000 	C:\WINDOWS\System32\fwpuclnt.dll

VM Arguments:
jvm_args: -Dfile.encoding=UTF-8 
java_command: pos.Home
java_class_path (initial): C:\Program Files\NetBeans 8.0\ide\modules\ext\mysql-connector-java-5.1.23-bin.jar;C:\MY\Database connection\mysql-connector-j-8.3.0\mysql-connector-j-8.3.0\mysql-connector-j-8.3.0.jar;C:\MY\Database connection\java-1.0.jar\java-1.0.jar;C:\Users\User\Desktop\pos pro\lib\commons-beanutils-1.8.2.jar;C:\Users\User\Desktop\pos pro\lib\commons-collections-3.2.1.jar;C:\Users\User\Desktop\pos pro\lib\commons-digester-2.1.jar;C:\Users\User\Desktop\pos pro\lib\commons-javaflow-20060411.jar;C:\Users\User\Desktop\pos pro\lib\commons-logging-1.1.jar;C:\Users\User\Desktop\pos pro\lib\groovy-all-2.0.1.jar;C:\Users\User\Desktop\pos pro\lib\iText-2.1.7.js2.jar;C:\Users\User\Desktop\pos pro\lib\jasperreports-5.6.0.jar;C:\Users\User\Desktop\pos pro\lib\jfreechart-1.0.12.jar;C:\Users\User\Desktop\pos pro\lib\poi-3.7-20101029.jar;C:\Program Files\NetBeans 8.0\java\modules\ext\AbsoluteLayout.jar;C:\Users\User\Desktop\java\POS\build\classes
Launcher Type: SUN_STANDARD

Environment Variables:
PATH=C:\Program Files (x86)\Common Files\Oracle\Java\java8path;C:\Program Files (x86)\Common Files\Oracle\Java\javapath;C:\WINDOWS\system32;C:\WINDOWS;C:\WINDOWS\System32\Wbem;C:\WINDOWS\System32\WindowsPowerShell\v1.0\;C:\WINDOWS\System32\OpenSSH\;C:\Program Files\Microsoft SQL Server\150\Tools\Binn\;C:\Program Files\Java\jdk1.8.0_92\bin;C:\Program Files\Git\cmd;C:\Program Files\dotnet\;C:\xampp\mysql\bin;C:\Program Files\nodejs\;C:\xampp\php;C:\ProgramData\ComposerSetup\bin;'C:\Users\User\AppData\Local\Packages\PythonSoftwareFoundation.Python.3.12_qbz5n2kfra8p0\LocalCache\local-packages\Python312\Scripts';C:\Program Files\Docker\Docker\resources\bin;C:\Program Files\jasperserver-pro-3.7\java\jre;C:\Program Files\MySQL\MySQL Shell 8.0\bin\;C:\Users\User\AppData\Local\Microsoft\WindowsApps;C:\Users\User\.dotnet\tools;C:\Users\User\AppData\Roaming\npm;C:\Program Files\JetBrains\IntelliJ IDEA Community Edition 2023.3.4\bin;C:\Users\User\AppData\Roaming\Composer\vendor\bin;C:\Users\User\AppData\Local\atom\bin;C:\Users\User\AppData\Local\Programs\Microsoft VS Code\bin
USERNAME=User
OS=Windows_NT
PROCESSOR_IDENTIFIER=Intel64 Family 6 Model 154 Stepping 4, GenuineIntel



---------------  S Y S T E M  ---------------

OS: Windows 10.0 , 64 bit Build 22621 (10.0.22621.3672)

CPU:total 8 (4 cores per cpu, 2 threads per core) family 6 model 154 stepping 4, cmov, cx8, fxsr, mmx, sse, sse2, sse3, ssse3, sse4.1, sse4.2, popcnt, avx, avx2, aes, clmul, erms, 3dnowpref, lzcnt, ht, tsc, tscinvbit, bmi1, bmi2, adx

Memory: 4k page, physical 8075348k(472744k free), swap 33241172k(208k free)

vm_info: Java HotSpot(TM) 64-Bit Server VM (25.92-b14) for windows-amd64 JRE (1.8.0_92-b14), built on Mar 31 2016 21:03:04 by "java_re" with MS VC++ 10.0 (VS2010)

time: Fri Jul 12 23:27:51 2024
elapsed time: 694 seconds (0d 0h 11m 34s)

